Arguments: 
  C:\Program Files\nodejs\node.exe C:\Program Files (x86)\Yarn\bin\yarn.js init

PATH: 
  C:\Program Files\Java\jdk1.8.0_261\bin;C:\Program Files\Microsoft SQL Server\Client SDK\ODBC\170\Tools\Binn\;C:\Program Files (x86)\Microsoft SQL Server\150\Tools\Binn\;C:\Program Files\Microsoft SQL Server\150\Tools\Binn\;C:\Program Files\Microsoft SQL Server\150\DTS\Binn\;D:\BSTU\3 course\Java\install\apache-maven-3.6.3\bin;C:\Program Files\Git\cmd;C:\Program Files\dotnet\;C:\Program Files (x86)\Microsoft SQL Server\Client SDK\ODBC\130\Tools\Binn\;C:\Program Files (x86)\Microsoft SQL Server\140\Tools\Binn\;C:\Program Files (x86)\Microsoft SQL Server\140\DTS\Binn\;C:\Program Files (x86)\Microsoft SQL Server\140\Tools\Binn\ManagementStudio\;C:\Windows\System32;C:\Program Files (x86)\Yarn\bin\;C:\Program Files\Docker\Docker\resources\bin;C:\ProgramData\DockerDesktop\version-bin;C:\Program Files (x86)\Calibre2\;C:\Program Files\nodejs\;C:\Windows\System32\wbem;C:\Program Files\MySQL\MySQL Shell 8.0\bin\;C:\Program Files\Java\jdk1.8.0_261;C:\Users\anton\AppData\Local\Programs\Microsoft VS Code\bin;C:\Users\anton\.dotnet\tools;C:\Users\anton\AppData\Local\GitHubDesktop\bin;C:\Windows\System32;C:\Users\anton\AppData\Local\Yarn\bin;C:\Users\anton\AppData\Roaming\npm;C:\Windows\System32\wbem;

Yarn version: 
  1.22.5

Node version: 
  14.15.0

Platform: 
  win32 x64

Trace: 
  Error: canceled
      at Interface.<anonymous> (C:\Program Files (x86)\Yarn\lib\cli.js:137009:13)
      at Interface.emit (events.js:315:20)
      at Interface._ttyWrite (readline.js:875:16)
      at ReadStream.onkeypress (readline.js:213:10)
      at ReadStream.emit (events.js:315:20)
      at emitKeys (internal/readline/utils.js:345:14)
      at emitKeys.next (<anonymous>)
      at ReadStream.onData (readline.js:1144:36)
      at ReadStream.emit (events.js:315:20)
      at addChunk (_stream_readable.js:309:12)

npm manifest: 
  {
    "name": "mern-skeleton",
    "version": "1.0.0",
    "description": "A MERN stack skeleton web application",
    "author": "Shama Hoque",
    "license": "MIT",
    "keywords": [
      "react",
      "express",
      "mongodb",
      "node",
      "mern"
    ],
    "repository": {
      "type": "git",
      "url": "https://github.com/shamahoque/mern-skeleton.git"
    },
    "homepage": "https://github.com/shamahoque/mern-skeleton",
    "main": "./dist/server.generated.js",
    "scripts": {
      "development": "nodemon",
      "build": "webpack --config webpack.config.client.production.js && webpack --mode=production --config webpack.config.server.js",
      "start": "NODE_ENV=production node ./dist/server.generated.js"
    },
    "engines": {
      "node": "13.12.0",
      "npm": "6.14.4"
    },
    "devDependencies": {
      "@babel/core": "7.9.0",
      "@babel/preset-env": "7.9.0",
      "@babel/preset-react": "7.9.4",
      "babel-loader": "8.1.0",
      "file-loader": "6.0.0",
      "nodemon": "2.0.2",
      "webpack": "4.42.1",
      "webpack-cli": "3.3.11",
      "webpack-dev-middleware": "3.7.2",
      "webpack-hot-middleware": "2.25.0",
      "webpack-node-externals": "1.7.2"
    },
    "dependencies": {
      "@hot-loader/react-dom": "16.13.0",
      "@material-ui/core": "4.9.8",
      "@material-ui/icons": "4.9.1",
      "body-parser": "1.19.0",
      "compression": "1.7.4",
      "cookie-parser": "1.4.5",
      "cors": "2.8.5",
      "express": "4.17.1",
      "express-jwt": "5.3.1",
      "helmet": "3.22.0",
      "jsonwebtoken": "8.5.1",
      "lodash": "4.17.15",
      "mongoose": "5.9.7",
      "react": "16.13.1",
      "react-dom": "16.13.1",
      "react-hot-loader": "4.12.20",
      "react-router": "5.1.2",
      "react-router-dom": "5.1.2"
    }
  }

yarn manifest: 
  No manifest

Lockfile: 
  # THIS IS AN AUTOGENERATED FILE. DO NOT EDIT THIS FILE DIRECTLY.
  # yarn lockfile v1
